2023-10-06T09:43:42.878+05:30  INFO 17376 --- [restartedMain] c.p.main.PgadmissionApplication          : Starting PgadmissionApplication using Java 17.0.6 with PID 17376 (C:\Users\DELL\Documents\workspace-spring-tool-suite-4-4.17.2.RELEASE\pgadmission\target\classes started by DELL in C:\Users\DELL\Documents\workspace-spring-tool-suite-4-4.17.2.RELEASE\pgadmission)
2023-10-06T09:43:42.887+05:30  INFO 17376 --- [restartedMain] c.p.main.PgadmissionApplication          : No active profile set, falling back to 1 default profile: "default"
2023-10-06T09:43:42.999+05:30  INFO 17376 --- [restartedMain] .e.DevToolsPropertyDefaultsPostProcessor : Devtools property defaults active! Set 'spring.devtools.add-properties' to 'false' to disable
2023-10-06T09:43:43.000+05:30  INFO 17376 --- [restartedMain] .e.DevToolsPropertyDefaultsPostProcessor : For additional web related logging consider setting the 'logging.level.web' property to 'DEBUG'
2023-10-06T09:43:44.530+05:30  INFO 17376 --- [restartedMain] .s.d.r.c.RepositoryConfigurationDelegate : Bootstrapping Spring Data JPA repositories in DEFAULT mode.
2023-10-06T09:43:44.656+05:30  INFO 17376 --- [restartedMain] .s.d.r.c.RepositoryConfigurationDelegate : Finished Spring Data repository scanning in 111 ms. Found 2 JPA repository interfaces.
2023-10-06T09:43:45.837+05:30  INFO 17376 --- [restartedMain] o.s.b.w.embedded.tomcat.TomcatWebServer  : Tomcat initialized with port(s): 8080 (http)
2023-10-06T09:43:45.854+05:30  INFO 17376 --- [restartedMain] o.apache.catalina.core.StandardService   : Starting service [Tomcat]
2023-10-06T09:43:45.855+05:30  INFO 17376 --- [restartedMain] o.apache.catalina.core.StandardEngine    : Starting Servlet engine: [Apache Tomcat/10.1.13]
2023-10-06T09:43:45.993+05:30  INFO 17376 --- [restartedMain] o.a.c.c.C.[Tomcat].[localhost].[/]       : Initializing Spring embedded WebApplicationContext
2023-10-06T09:43:45.994+05:30  INFO 17376 --- [restartedMain] w.s.c.ServletWebServerApplicationContext : Root WebApplicationContext: initialization completed in 2993 ms
2023-10-06T09:43:46.258+05:30  INFO 17376 --- [restartedMain] o.hibernate.jpa.internal.util.LogHelper  : HHH000204: Processing PersistenceUnitInfo [name: default]
2023-10-06T09:43:46.403+05:30  INFO 17376 --- [restartedMain] org.hibernate.Version                    : HHH000412: Hibernate ORM core version 6.2.9.Final
2023-10-06T09:43:46.409+05:30  INFO 17376 --- [restartedMain] org.hibernate.cfg.Environment            : HHH000406: Using bytecode reflection optimizer
2023-10-06T09:43:46.720+05:30  INFO 17376 --- [restartedMain] o.h.b.i.BytecodeProviderInitiator        : HHH000021: Bytecode provider name : bytebuddy
2023-10-06T09:43:47.002+05:30  INFO 17376 --- [restartedMain] o.s.o.j.p.SpringPersistenceUnitInfo      : No LoadTimeWeaver setup: ignoring JPA class transformer
2023-10-06T09:43:47.034+05:30  INFO 17376 --- [restartedMain] com.zaxxer.hikari.HikariDataSource       : HikariPool-1 - Starting...
2023-10-06T09:43:47.624+05:30  INFO 17376 --- [restartedMain] com.zaxxer.hikari.pool.HikariPool        : HikariPool-1 - Added connection com.mysql.cj.jdbc.ConnectionImpl@754ee004
2023-10-06T09:43:47.628+05:30  INFO 17376 --- [restartedMain] com.zaxxer.hikari.HikariDataSource       : HikariPool-1 - Start completed.
2023-10-06T09:43:47.750+05:30  WARN 17376 --- [restartedMain] org.hibernate.orm.deprecation            : HHH90000026: MySQL8Dialect has been deprecated; use org.hibernate.dialect.MySQLDialect instead
2023-10-06T09:43:48.053+05:30  INFO 17376 --- [restartedMain] o.h.b.i.BytecodeProviderInitiator        : HHH000021: Bytecode provider name : bytebuddy
2023-10-06T09:43:49.016+05:30  INFO 17376 --- [restartedMain] o.h.e.t.j.p.i.JtaPlatformInitiator       : HHH000490: Using JtaPlatform implementation: [org.hibernate.engine.transaction.jta.platform.internal.NoJtaPlatform]
2023-10-06T09:43:49.138+05:30  INFO 17376 --- [restartedMain] j.LocalContainerEntityManagerFactoryBean : Initialized JPA EntityManagerFactory for persistence unit 'default'
2023-10-06T09:43:50.023+05:30  WARN 17376 --- [restartedMain] JpaBaseConfiguration$JpaWebConfiguration : spring.jpa.open-in-view is enabled by default. Therefore, database queries may be performed during view rendering. Explicitly configure spring.jpa.open-in-view to disable this warning
2023-10-06T09:43:50.432+05:30  INFO 17376 --- [restartedMain] o.s.s.web.DefaultSecurityFilterChain     : Will secure any request with [org.springframework.security.web.session.DisableEncodeUrlFilter@18412a73, org.springframework.security.web.context.request.async.WebAsyncManagerIntegrationFilter@3a14b00d, org.springframework.security.web.context.SecurityContextHolderFilter@54b1d101, org.springframework.security.web.header.HeaderWriterFilter@58c8d674, org.springframework.web.filter.CorsFilter@71f321da, org.springframework.security.web.authentication.logout.LogoutFilter@1da49877, com.pgadmission.main.config.JwtAuthenticationFilter@33c19c0f, org.springframework.security.web.savedrequest.RequestCacheAwareFilter@663a775c, org.springframework.security.web.servletapi.SecurityContextHolderAwareRequestFilter@18c9aa9b, org.springframework.security.web.authentication.AnonymousAuthenticationFilter@614d5191, org.springframework.security.web.session.SessionManagementFilter@5edaa82e, org.springframework.security.web.access.ExceptionTranslationFilter@5445a321, org.springframework.security.web.access.intercept.AuthorizationFilter@3b032e98]
2023-10-06T09:43:50.895+05:30  INFO 17376 --- [restartedMain] o.s.b.d.a.OptionalLiveReloadServer       : LiveReload server is running on port 35729
2023-10-06T09:43:50.966+05:30  INFO 17376 --- [restartedMain] o.s.b.w.embedded.tomcat.TomcatWebServer  : Tomcat started on port(s): 8080 (http) with context path ''
2023-10-06T09:43:50.985+05:30  INFO 17376 --- [restartedMain] c.p.main.PgadmissionApplication          : Started PgadmissionApplication in 8.816 seconds (process running for 10.129)
2023-10-06T09:47:44.569+05:30  INFO 17376 --- [http-nio-8080-exec-2] o.a.c.c.C.[Tomcat].[localhost].[/]       : Initializing Spring DispatcherServlet 'dispatcherServlet'
2023-10-06T09:47:44.571+05:30  INFO 17376 --- [http-nio-8080-exec-2] o.s.web.servlet.DispatcherServlet        : Initializing Servlet 'dispatcherServlet'
2023-10-06T09:47:44.572+05:30  INFO 17376 --- [http-nio-8080-exec-2] o.s.web.servlet.DispatcherServlet        : Completed initialization in 1 ms
2023-10-06T09:47:44.585+05:30 DEBUG 17376 --- [http-nio-8080-exec-2] o.s.security.web.FilterChainProxy        : Securing POST /api/v1/auth/register
2023-10-06T09:47:44.599+05:30 DEBUG 17376 --- [http-nio-8080-exec-2] o.s.s.w.a.AnonymousAuthenticationFilter  : Set SecurityContextHolder to anonymous SecurityContext
2023-10-06T09:47:44.608+05:30 DEBUG 17376 --- [http-nio-8080-exec-2] o.s.s.w.a.Http403ForbiddenEntryPoint     : Pre-authenticated entry point called. Rejecting access
2023-10-06T09:47:44.617+05:30 DEBUG 17376 --- [http-nio-8080-exec-2] o.s.security.web.FilterChainProxy        : Securing POST /error
2023-10-06T09:47:44.633+05:30 DEBUG 17376 --- [http-nio-8080-exec-2] o.s.s.w.a.AnonymousAuthenticationFilter  : Set SecurityContextHolder to anonymous SecurityContext
2023-10-06T09:47:44.634+05:30 DEBUG 17376 --- [http-nio-8080-exec-2] o.s.s.w.a.Http403ForbiddenEntryPoint     : Pre-authenticated entry point called. Rejecting access
2023-10-06T09:48:25.947+05:30 DEBUG 17376 --- [http-nio-8080-exec-3] o.s.security.web.FilterChainProxy        : Securing POST /api/auth/login
2023-10-06T09:48:25.948+05:30 DEBUG 17376 --- [http-nio-8080-exec-3] o.s.s.w.a.AnonymousAuthenticationFilter  : Set SecurityContextHolder to anonymous SecurityContext
2023-10-06T09:48:25.949+05:30 DEBUG 17376 --- [http-nio-8080-exec-3] o.s.security.web.FilterChainProxy        : Secured POST /api/auth/login
2023-10-06T09:48:26.549+05:30 DEBUG 17376 --- [http-nio-8080-exec-3] o.s.s.a.dao.DaoAuthenticationProvider    : Authenticated user
2023-10-06T09:48:54.335+05:30 DEBUG 17376 --- [http-nio-8080-exec-4] o.s.security.web.FilterChainProxy        : Securing POST /api/v1/academic/post
2023-10-06T09:48:54.422+05:30 DEBUG 17376 --- [http-nio-8080-exec-4] o.s.security.web.FilterChainProxy        : Secured POST /api/v1/academic/post
2023-10-06T09:48:54.429+05:30 DEBUG 17376 --- [http-nio-8080-exec-4] o.s.security.web.FilterChainProxy        : Securing POST /error
2023-10-06T09:48:54.431+05:30 DEBUG 17376 --- [http-nio-8080-exec-4] o.s.s.w.a.AnonymousAuthenticationFilter  : Set SecurityContextHolder to anonymous SecurityContext
2023-10-06T09:48:54.432+05:30 DEBUG 17376 --- [http-nio-8080-exec-4] o.s.s.w.a.Http403ForbiddenEntryPoint     : Pre-authenticated entry point called. Rejecting access
2023-10-06T09:49:12.113+05:30 DEBUG 17376 --- [http-nio-8080-exec-5] o.s.security.web.FilterChainProxy        : Securing POST /api/academic/post
2023-10-06T09:49:12.127+05:30 DEBUG 17376 --- [http-nio-8080-exec-5] o.s.security.web.FilterChainProxy        : Secured POST /api/academic/post
2023-10-06T09:49:42.648+05:30 DEBUG 17376 --- [http-nio-8080-exec-6] o.s.security.web.FilterChainProxy        : Securing PUT /api/v1/academic/put
2023-10-06T09:49:42.655+05:30 ERROR 17376 --- [http-nio-8080-exec-6] o.a.c.c.C.[.[.[/].[dispatcherServlet]    : Servlet.service() for servlet [dispatcherServlet] in context with path [] threw exception

io.jsonwebtoken.ExpiredJwtException: JWT expired at 2023-10-06T03:07:23Z. Current time: 2023-10-06T04:19:42Z, a difference of 4339653 milliseconds.  Allowed clock skew: 0 milliseconds.
	at io.jsonwebtoken.impl.DefaultJwtParser.parse(DefaultJwtParser.java:427) ~[jjwt-impl-0.11.5.jar:0.11.5]
	at io.jsonwebtoken.impl.DefaultJwtParser.parse(DefaultJwtParser.java:529) ~[jjwt-impl-0.11.5.jar:0.11.5]
	at io.jsonwebtoken.impl.DefaultJwtParser.parseClaimsJws(DefaultJwtParser.java:589) ~[jjwt-impl-0.11.5.jar:0.11.5]
	at io.jsonwebtoken.impl.ImmutableJwtParser.parseClaimsJws(ImmutableJwtParser.java:173) ~[jjwt-impl-0.11.5.jar:0.11.5]
	at com.pgadmission.main.jwtutil.JwtUtil.extractAllClaims(JwtUtil.java:40) ~[classes/:na]
	at com.pgadmission.main.jwtutil.JwtUtil.extractClaim(JwtUtil.java:31) ~[classes/:na]
	at com.pgadmission.main.jwtutil.JwtUtil.extractUserEmail(JwtUtil.java:27) ~[classes/:na]
	at com.pgadmission.main.config.JwtAuthenticationFilter.doFilterInternal(JwtAuthenticationFilter.java:40) ~[classes/:na]
	at org.springframework.web.filter.OncePerRequestFilter.doFilter(OncePerRequestFilter.java:116) ~[spring-web-6.0.12.jar:6.0.12]
	at org.springframework.security.web.FilterChainProxy$VirtualFilterChain.doFilter(FilterChainProxy.java:374) ~[spring-security-web-6.1.4.jar:6.1.4]
	at org.springframework.security.web.authentication.logout.LogoutFilter.doFilter(LogoutFilter.java:107) ~[spring-security-web-6.1.4.jar:6.1.4]
	at org.springframework.security.web.authentication.logout.LogoutFilter.doFilter(LogoutFilter.java:93) ~[spring-security-web-6.1.4.jar:6.1.4]
	at org.springframework.security.web.FilterChainProxy$VirtualFilterChain.doFilter(FilterChainProxy.java:374) ~[spring-security-web-6.1.4.jar:6.1.4]
	at org.springframework.web.filter.CorsFilter.doFilterInternal(CorsFilter.java:91) ~[spring-web-6.0.12.jar:6.0.12]
	at org.springframework.web.filter.OncePerRequestFilter.doFilter(OncePerRequestFilter.java:116) ~[spring-web-6.0.12.jar:6.0.12]
	at org.springframework.security.web.FilterChainProxy$VirtualFilterChain.doFilter(FilterChainProxy.java:374) ~[spring-security-web-6.1.4.jar:6.1.4]
	at org.springframework.security.web.header.HeaderWriterFilter.doHeadersAfter(HeaderWriterFilter.java:90) ~[spring-security-web-6.1.4.jar:6.1.4]
	at org.springframework.security.web.header.HeaderWriterFilter.doFilterInternal(HeaderWriterFilter.java:75) ~[spring-security-web-6.1.4.jar:6.1.4]
	at org.springframework.web.filter.OncePerRequestFilter.doFilter(OncePerRequestFilter.java:116) ~[spring-web-6.0.12.jar:6.0.12]
	at org.springframework.security.web.FilterChainProxy$VirtualFilterChain.doFilter(FilterChainProxy.java:374) ~[spring-security-web-6.1.4.jar:6.1.4]
	at org.springframework.security.web.context.SecurityContextHolderFilter.doFilter(SecurityContextHolderFilter.java:82) ~[spring-security-web-6.1.4.jar:6.1.4]
	at org.springframework.security.web.context.SecurityContextHolderFilter.doFilter(SecurityContextHolderFilter.java:69) ~[spring-security-web-6.1.4.jar:6.1.4]
	at org.springframework.security.web.FilterChainProxy$VirtualFilterChain.doFilter(FilterChainProxy.java:374) ~[spring-security-web-6.1.4.jar:6.1.4]
	at org.springframework.security.web.context.request.async.WebAsyncManagerIntegrationFilter.doFilterInternal(WebAsyncManagerIntegrationFilter.java:62) ~[spring-security-web-6.1.4.jar:6.1.4]
	at org.springframework.web.filter.OncePerRequestFilter.doFilter(OncePerRequestFilter.java:116) ~[spring-web-6.0.12.jar:6.0.12]
	at org.springframework.security.web.FilterChainProxy$VirtualFilterChain.doFilter(FilterChainProxy.java:374) ~[spring-security-web-6.1.4.jar:6.1.4]
	at org.springframework.security.web.session.DisableEncodeUrlFilter.doFilterInternal(DisableEncodeUrlFilter.java:42) ~[spring-security-web-6.1.4.jar:6.1.4]
	at org.springframework.web.filter.OncePerRequestFilter.doFilter(OncePerRequestFilter.java:116) ~[spring-web-6.0.12.jar:6.0.12]
	at org.springframework.security.web.FilterChainProxy$VirtualFilterChain.doFilter(FilterChainProxy.java:374) ~[spring-security-web-6.1.4.jar:6.1.4]
	at org.springframework.security.web.FilterChainProxy.doFilterInternal(FilterChainProxy.java:233) ~[spring-security-web-6.1.4.jar:6.1.4]
	at org.springframework.security.web.FilterChainProxy.doFilter(FilterChainProxy.java:191) ~[spring-security-web-6.1.4.jar:6.1.4]
	at org.springframework.web.filter.DelegatingFilterProxy.invokeDelegate(DelegatingFilterProxy.java:352) ~[spring-web-6.0.12.jar:6.0.12]
	at org.springframework.web.filter.DelegatingFilterProxy.doFilter(DelegatingFilterProxy.java:268) ~[spring-web-6.0.12.jar:6.0.12]
	at org.apache.catalina.core.ApplicationFilterChain.internalDoFilter(ApplicationFilterChain.java:174) ~[tomcat-embed-core-10.1.13.jar:10.1.13]
	at org.apache.catalina.core.ApplicationFilterChain.doFilter(ApplicationFilterChain.java:149) ~[tomcat-embed-core-10.1.13.jar:10.1.13]
	at org.springframework.web.filter.RequestContextFilter.doFilterInternal(RequestContextFilter.java:100) ~[spring-web-6.0.12.jar:6.0.12]
	at org.springframework.web.filter.OncePerRequestFilter.doFilter(OncePerRequestFilter.java:116) ~[spring-web-6.0.12.jar:6.0.12]
	at org.apache.catalina.core.ApplicationFilterChain.internalDoFilter(ApplicationFilterChain.java:174) ~[tomcat-embed-core-10.1.13.jar:10.1.13]
	at org.apache.catalina.core.ApplicationFilterChain.doFilter(ApplicationFilterChain.java:149) ~[tomcat-embed-core-10.1.13.jar:10.1.13]
	at org.springframework.web.filter.FormContentFilter.doFilterInternal(FormContentFilter.java:93) ~[spring-web-6.0.12.jar:6.0.12]
	at org.springframework.web.filter.OncePerRequestFilter.doFilter(OncePerRequestFilter.java:116) ~[spring-web-6.0.12.jar:6.0.12]
	at org.apache.catalina.core.ApplicationFilterChain.internalDoFilter(ApplicationFilterChain.java:174) ~[tomcat-embed-core-10.1.13.jar:10.1.13]
	at org.apache.catalina.core.ApplicationFilterChain.doFilter(ApplicationFilterChain.java:149) ~[tomcat-embed-core-10.1.13.jar:10.1.13]
	at org.springframework.web.filter.CharacterEncodingFilter.doFilterInternal(CharacterEncodingFilter.java:201) ~[spring-web-6.0.12.jar:6.0.12]
	at org.springframework.web.filter.OncePerRequestFilter.doFilter(OncePerRequestFilter.java:116) ~[spring-web-6.0.12.jar:6.0.12]
	at org.apache.catalina.core.ApplicationFilterChain.internalDoFilter(ApplicationFilterChain.java:174) ~[tomcat-embed-core-10.1.13.jar:10.1.13]
	at org.apache.catalina.core.ApplicationFilterChain.doFilter(ApplicationFilterChain.java:149) ~[tomcat-embed-core-10.1.13.jar:10.1.13]
	at org.apache.catalina.core.StandardWrapperValve.invoke(StandardWrapperValve.java:167) ~[tomcat-embed-core-10.1.13.jar:10.1.13]
	at org.apache.catalina.core.StandardContextValve.invoke(StandardContextValve.java:90) ~[tomcat-embed-core-10.1.13.jar:10.1.13]
	at org.apache.catalina.authenticator.AuthenticatorBase.invoke(AuthenticatorBase.java:482) ~[tomcat-embed-core-10.1.13.jar:10.1.13]
	at org.apache.catalina.core.StandardHostValve.invoke(StandardHostValve.java:115) ~[tomcat-embed-core-10.1.13.jar:10.1.13]
	at org.apache.catalina.valves.ErrorReportValve.invoke(ErrorReportValve.java:93) ~[tomcat-embed-core-10.1.13.jar:10.1.13]
	at org.apache.catalina.core.StandardEngineValve.invoke(StandardEngineValve.java:74) ~[tomcat-embed-core-10.1.13.jar:10.1.13]
	at org.apache.catalina.connector.CoyoteAdapter.service(CoyoteAdapter.java:341) ~[tomcat-embed-core-10.1.13.jar:10.1.13]
	at org.apache.coyote.http11.Http11Processor.service(Http11Processor.java:391) ~[tomcat-embed-core-10.1.13.jar:10.1.13]
	at org.apache.coyote.AbstractProcessorLight.process(AbstractProcessorLight.java:63) ~[tomcat-embed-core-10.1.13.jar:10.1.13]
	at org.apache.coyote.AbstractProtocol$ConnectionHandler.process(AbstractProtocol.java:894) ~[tomcat-embed-core-10.1.13.jar:10.1.13]
	at org.apache.tomcat.util.net.NioEndpoint$SocketProcessor.doRun(NioEndpoint.java:1740) ~[tomcat-embed-core-10.1.13.jar:10.1.13]
	at org.apache.tomcat.util.net.SocketProcessorBase.run(SocketProcessorBase.java:52) ~[tomcat-embed-core-10.1.13.jar:10.1.13]
	at org.apache.tomcat.util.threads.ThreadPoolExecutor.runWorker(ThreadPoolExecutor.java:1191) ~[tomcat-embed-core-10.1.13.jar:10.1.13]
	at org.apache.tomcat.util.threads.ThreadPoolExecutor$Worker.run(ThreadPoolExecutor.java:659) ~[tomcat-embed-core-10.1.13.jar:10.1.13]
	at org.apache.tomcat.util.threads.TaskThread$WrappingRunnable.run(TaskThread.java:61) ~[tomcat-embed-core-10.1.13.jar:10.1.13]
	at java.base/java.lang.Thread.run(Thread.java:833) ~[na:na]

2023-10-06T09:49:42.671+05:30 DEBUG 17376 --- [http-nio-8080-exec-6] o.s.security.web.FilterChainProxy        : Securing PUT /error
2023-10-06T09:49:42.671+05:30 DEBUG 17376 --- [http-nio-8080-exec-6] o.s.s.w.a.AnonymousAuthenticationFilter  : Set SecurityContextHolder to anonymous SecurityContext
2023-10-06T09:49:42.671+05:30 DEBUG 17376 --- [http-nio-8080-exec-6] o.s.s.w.a.Http403ForbiddenEntryPoint     : Pre-authenticated entry point called. Rejecting access
2023-10-06T09:49:50.277+05:30 DEBUG 17376 --- [http-nio-8080-exec-7] o.s.security.web.FilterChainProxy        : Securing PUT /api/academic/put
2023-10-06T09:49:50.284+05:30 ERROR 17376 --- [http-nio-8080-exec-7] o.a.c.c.C.[.[.[/].[dispatcherServlet]    : Servlet.service() for servlet [dispatcherServlet] in context with path [] threw exception

io.jsonwebtoken.ExpiredJwtException: JWT expired at 2023-10-06T03:07:23Z. Current time: 2023-10-06T04:19:50Z, a difference of 4347284 milliseconds.  Allowed clock skew: 0 milliseconds.
	at io.jsonwebtoken.impl.DefaultJwtParser.parse(DefaultJwtParser.java:427) ~[jjwt-impl-0.11.5.jar:0.11.5]
	at io.jsonwebtoken.impl.DefaultJwtParser.parse(DefaultJwtParser.java:529) ~[jjwt-impl-0.11.5.jar:0.11.5]
	at io.jsonwebtoken.impl.DefaultJwtParser.parseClaimsJws(DefaultJwtParser.java:589) ~[jjwt-impl-0.11.5.jar:0.11.5]
	at io.jsonwebtoken.impl.ImmutableJwtParser.parseClaimsJws(ImmutableJwtParser.java:173) ~[jjwt-impl-0.11.5.jar:0.11.5]
	at com.pgadmission.main.jwtutil.JwtUtil.extractAllClaims(JwtUtil.java:40) ~[classes/:na]
	at com.pgadmission.main.jwtutil.JwtUtil.extractClaim(JwtUtil.java:31) ~[classes/:na]
	at com.pgadmission.main.jwtutil.JwtUtil.extractUserEmail(JwtUtil.java:27) ~[classes/:na]
	at com.pgadmission.main.config.JwtAuthenticationFilter.doFilterInternal(JwtAuthenticationFilter.java:40) ~[classes/:na]
	at org.springframework.web.filter.OncePerRequestFilter.doFilter(OncePerRequestFilter.java:116) ~[spring-web-6.0.12.jar:6.0.12]
	at org.springframework.security.web.FilterChainProxy$VirtualFilterChain.doFilter(FilterChainProxy.java:374) ~[spring-security-web-6.1.4.jar:6.1.4]
	at org.springframework.security.web.authentication.logout.LogoutFilter.doFilter(LogoutFilter.java:107) ~[spring-security-web-6.1.4.jar:6.1.4]
	at org.springframework.security.web.authentication.logout.LogoutFilter.doFilter(LogoutFilter.java:93) ~[spring-security-web-6.1.4.jar:6.1.4]
	at org.springframework.security.web.FilterChainProxy$VirtualFilterChain.doFilter(FilterChainProxy.java:374) ~[spring-security-web-6.1.4.jar:6.1.4]
	at org.springframework.web.filter.CorsFilter.doFilterInternal(CorsFilter.java:91) ~[spring-web-6.0.12.jar:6.0.12]
	at org.springframework.web.filter.OncePerRequestFilter.doFilter(OncePerRequestFilter.java:116) ~[spring-web-6.0.12.jar:6.0.12]
	at org.springframework.security.web.FilterChainProxy$VirtualFilterChain.doFilter(FilterChainProxy.java:374) ~[spring-security-web-6.1.4.jar:6.1.4]
	at org.springframework.security.web.header.HeaderWriterFilter.doHeadersAfter(HeaderWriterFilter.java:90) ~[spring-security-web-6.1.4.jar:6.1.4]
	at org.springframework.security.web.header.HeaderWriterFilter.doFilterInternal(HeaderWriterFilter.java:75) ~[spring-security-web-6.1.4.jar:6.1.4]
	at org.springframework.web.filter.OncePerRequestFilter.doFilter(OncePerRequestFilter.java:116) ~[spring-web-6.0.12.jar:6.0.12]
	at org.springframework.security.web.FilterChainProxy$VirtualFilterChain.doFilter(FilterChainProxy.java:374) ~[spring-security-web-6.1.4.jar:6.1.4]
	at org.springframework.security.web.context.SecurityContextHolderFilter.doFilter(SecurityContextHolderFilter.java:82) ~[spring-security-web-6.1.4.jar:6.1.4]
	at org.springframework.security.web.context.SecurityContextHolderFilter.doFilter(SecurityContextHolderFilter.java:69) ~[spring-security-web-6.1.4.jar:6.1.4]
	at org.springframework.security.web.FilterChainProxy$VirtualFilterChain.doFilter(FilterChainProxy.java:374) ~[spring-security-web-6.1.4.jar:6.1.4]
	at org.springframework.security.web.context.request.async.WebAsyncManagerIntegrationFilter.doFilterInternal(WebAsyncManagerIntegrationFilter.java:62) ~[spring-security-web-6.1.4.jar:6.1.4]
	at org.springframework.web.filter.OncePerRequestFilter.doFilter(OncePerRequestFilter.java:116) ~[spring-web-6.0.12.jar:6.0.12]
	at org.springframework.security.web.FilterChainProxy$VirtualFilterChain.doFilter(FilterChainProxy.java:374) ~[spring-security-web-6.1.4.jar:6.1.4]
	at org.springframework.security.web.session.DisableEncodeUrlFilter.doFilterInternal(DisableEncodeUrlFilter.java:42) ~[spring-security-web-6.1.4.jar:6.1.4]
	at org.springframework.web.filter.OncePerRequestFilter.doFilter(OncePerRequestFilter.java:116) ~[spring-web-6.0.12.jar:6.0.12]
	at org.springframework.security.web.FilterChainProxy$VirtualFilterChain.doFilter(FilterChainProxy.java:374) ~[spring-security-web-6.1.4.jar:6.1.4]
	at org.springframework.security.web.FilterChainProxy.doFilterInternal(FilterChainProxy.java:233) ~[spring-security-web-6.1.4.jar:6.1.4]
	at org.springframework.security.web.FilterChainProxy.doFilter(FilterChainProxy.java:191) ~[spring-security-web-6.1.4.jar:6.1.4]
	at org.springframework.web.filter.DelegatingFilterProxy.invokeDelegate(DelegatingFilterProxy.java:352) ~[spring-web-6.0.12.jar:6.0.12]
	at org.springframework.web.filter.DelegatingFilterProxy.doFilter(DelegatingFilterProxy.java:268) ~[spring-web-6.0.12.jar:6.0.12]
	at org.apache.catalina.core.ApplicationFilterChain.internalDoFilter(ApplicationFilterChain.java:174) ~[tomcat-embed-core-10.1.13.jar:10.1.13]
	at org.apache.catalina.core.ApplicationFilterChain.doFilter(ApplicationFilterChain.java:149) ~[tomcat-embed-core-10.1.13.jar:10.1.13]
	at org.springframework.web.filter.RequestContextFilter.doFilterInternal(RequestContextFilter.java:100) ~[spring-web-6.0.12.jar:6.0.12]
	at org.springframework.web.filter.OncePerRequestFilter.doFilter(OncePerRequestFilter.java:116) ~[spring-web-6.0.12.jar:6.0.12]
	at org.apache.catalina.core.ApplicationFilterChain.internalDoFilter(ApplicationFilterChain.java:174) ~[tomcat-embed-core-10.1.13.jar:10.1.13]
	at org.apache.catalina.core.ApplicationFilterChain.doFilter(ApplicationFilterChain.java:149) ~[tomcat-embed-core-10.1.13.jar:10.1.13]
	at org.springframework.web.filter.FormContentFilter.doFilterInternal(FormContentFilter.java:93) ~[spring-web-6.0.12.jar:6.0.12]
	at org.springframework.web.filter.OncePerRequestFilter.doFilter(OncePerRequestFilter.java:116) ~[spring-web-6.0.12.jar:6.0.12]
	at org.apache.catalina.core.ApplicationFilterChain.internalDoFilter(ApplicationFilterChain.java:174) ~[tomcat-embed-core-10.1.13.jar:10.1.13]
	at org.apache.catalina.core.ApplicationFilterChain.doFilter(ApplicationFilterChain.java:149) ~[tomcat-embed-core-10.1.13.jar:10.1.13]
	at org.springframework.web.filter.CharacterEncodingFilter.doFilterInternal(CharacterEncodingFilter.java:201) ~[spring-web-6.0.12.jar:6.0.12]
	at org.springframework.web.filter.OncePerRequestFilter.doFilter(OncePerRequestFilter.java:116) ~[spring-web-6.0.12.jar:6.0.12]
	at org.apache.catalina.core.ApplicationFilterChain.internalDoFilter(ApplicationFilterChain.java:174) ~[tomcat-embed-core-10.1.13.jar:10.1.13]
	at org.apache.catalina.core.ApplicationFilterChain.doFilter(ApplicationFilterChain.java:149) ~[tomcat-embed-core-10.1.13.jar:10.1.13]
	at org.apache.catalina.core.StandardWrapperValve.invoke(StandardWrapperValve.java:167) ~[tomcat-embed-core-10.1.13.jar:10.1.13]
	at org.apache.catalina.core.StandardContextValve.invoke(StandardContextValve.java:90) ~[tomcat-embed-core-10.1.13.jar:10.1.13]
	at org.apache.catalina.authenticator.AuthenticatorBase.invoke(AuthenticatorBase.java:482) ~[tomcat-embed-core-10.1.13.jar:10.1.13]
	at org.apache.catalina.core.StandardHostValve.invoke(StandardHostValve.java:115) ~[tomcat-embed-core-10.1.13.jar:10.1.13]
	at org.apache.catalina.valves.ErrorReportValve.invoke(ErrorReportValve.java:93) ~[tomcat-embed-core-10.1.13.jar:10.1.13]
	at org.apache.catalina.core.StandardEngineValve.invoke(StandardEngineValve.java:74) ~[tomcat-embed-core-10.1.13.jar:10.1.13]
	at org.apache.catalina.connector.CoyoteAdapter.service(CoyoteAdapter.java:341) ~[tomcat-embed-core-10.1.13.jar:10.1.13]
	at org.apache.coyote.http11.Http11Processor.service(Http11Processor.java:391) ~[tomcat-embed-core-10.1.13.jar:10.1.13]
	at org.apache.coyote.AbstractProcessorLight.process(AbstractProcessorLight.java:63) ~[tomcat-embed-core-10.1.13.jar:10.1.13]
	at org.apache.coyote.AbstractProtocol$ConnectionHandler.process(AbstractProtocol.java:894) ~[tomcat-embed-core-10.1.13.jar:10.1.13]
	at org.apache.tomcat.util.net.NioEndpoint$SocketProcessor.doRun(NioEndpoint.java:1740) ~[tomcat-embed-core-10.1.13.jar:10.1.13]
	at org.apache.tomcat.util.net.SocketProcessorBase.run(SocketProcessorBase.java:52) ~[tomcat-embed-core-10.1.13.jar:10.1.13]
	at org.apache.tomcat.util.threads.ThreadPoolExecutor.runWorker(ThreadPoolExecutor.java:1191) ~[tomcat-embed-core-10.1.13.jar:10.1.13]
	at org.apache.tomcat.util.threads.ThreadPoolExecutor$Worker.run(ThreadPoolExecutor.java:659) ~[tomcat-embed-core-10.1.13.jar:10.1.13]
	at org.apache.tomcat.util.threads.TaskThread$WrappingRunnable.run(TaskThread.java:61) ~[tomcat-embed-core-10.1.13.jar:10.1.13]
	at java.base/java.lang.Thread.run(Thread.java:833) ~[na:na]

2023-10-06T09:49:50.286+05:30 DEBUG 17376 --- [http-nio-8080-exec-7] o.s.security.web.FilterChainProxy        : Securing PUT /error
2023-10-06T09:49:50.286+05:30 DEBUG 17376 --- [http-nio-8080-exec-7] o.s.s.w.a.AnonymousAuthenticationFilter  : Set SecurityContextHolder to anonymous SecurityContext
2023-10-06T09:49:50.287+05:30 DEBUG 17376 --- [http-nio-8080-exec-7] o.s.s.w.a.Http403ForbiddenEntryPoint     : Pre-authenticated entry point called. Rejecting access
2023-10-06T09:50:07.540+05:30 DEBUG 17376 --- [http-nio-8080-exec-8] o.s.security.web.FilterChainProxy        : Securing PUT /api/academic/put
2023-10-06T09:50:07.565+05:30 DEBUG 17376 --- [http-nio-8080-exec-8] o.s.security.web.FilterChainProxy        : Secured PUT /api/academic/put
2023-10-06T09:50:27.079+05:30 DEBUG 17376 --- [http-nio-8080-exec-9] o.s.security.web.FilterChainProxy        : Securing GET /api/academic/all
2023-10-06T09:50:27.093+05:30 DEBUG 17376 --- [http-nio-8080-exec-9] o.s.security.web.FilterChainProxy        : Secured GET /api/academic/all
2023-10-06T10:06:24.785+05:30 DEBUG 17376 --- [http-nio-8080-exec-2] o.s.security.web.FilterChainProxy        : Securing POST /api/auth/login
2023-10-06T10:06:24.788+05:30 DEBUG 17376 --- [http-nio-8080-exec-2] o.s.s.w.a.AnonymousAuthenticationFilter  : Set SecurityContextHolder to anonymous SecurityContext
2023-10-06T10:06:24.789+05:30 DEBUG 17376 --- [http-nio-8080-exec-2] o.s.security.web.FilterChainProxy        : Secured POST /api/auth/login
2023-10-06T10:06:25.059+05:30 DEBUG 17376 --- [http-nio-8080-exec-2] o.s.s.a.dao.DaoAuthenticationProvider    : Authenticated user
2023-10-06T10:07:13.553+05:30 DEBUG 17376 --- [http-nio-8080-exec-3] o.s.security.web.FilterChainProxy        : Securing POST /api/auth/login
2023-10-06T10:07:13.554+05:30 DEBUG 17376 --- [http-nio-8080-exec-3] o.s.s.w.a.AnonymousAuthenticationFilter  : Set SecurityContextHolder to anonymous SecurityContext
2023-10-06T10:07:13.555+05:30 DEBUG 17376 --- [http-nio-8080-exec-3] o.s.security.web.FilterChainProxy        : Secured POST /api/auth/login
2023-10-06T10:07:13.903+05:30 DEBUG 17376 --- [http-nio-8080-exec-3] o.s.s.a.dao.DaoAuthenticationProvider    : Failed to find user 'tes@gmail.com'
2023-10-06T10:07:13.988+05:30 DEBUG 17376 --- [http-nio-8080-exec-3] o.s.s.w.a.Http403ForbiddenEntryPoint     : Pre-authenticated entry point called. Rejecting access
2023-10-06T10:07:13.991+05:30 DEBUG 17376 --- [http-nio-8080-exec-3] o.s.security.web.FilterChainProxy        : Securing POST /error
2023-10-06T10:07:13.993+05:30 DEBUG 17376 --- [http-nio-8080-exec-3] o.s.s.w.a.AnonymousAuthenticationFilter  : Set SecurityContextHolder to anonymous SecurityContext
2023-10-06T10:07:13.993+05:30 DEBUG 17376 --- [http-nio-8080-exec-3] o.s.s.w.a.Http403ForbiddenEntryPoint     : Pre-authenticated entry point called. Rejecting access
2023-10-06T10:07:52.978+05:30 DEBUG 17376 --- [http-nio-8080-exec-4] o.s.security.web.FilterChainProxy        : Securing POST /api/auth/register
2023-10-06T10:07:52.979+05:30 DEBUG 17376 --- [http-nio-8080-exec-4] o.s.s.w.a.AnonymousAuthenticationFilter  : Set SecurityContextHolder to anonymous SecurityContext
2023-10-06T10:07:52.980+05:30 DEBUG 17376 --- [http-nio-8080-exec-4] o.s.security.web.FilterChainProxy        : Secured POST /api/auth/register
2023-10-06T10:08:04.963+05:30 DEBUG 17376 --- [http-nio-8080-exec-5] o.s.security.web.FilterChainProxy        : Securing POST /api/auth/register
2023-10-06T10:08:04.965+05:30 DEBUG 17376 --- [http-nio-8080-exec-5] o.s.s.w.a.AnonymousAuthenticationFilter  : Set SecurityContextHolder to anonymous SecurityContext
2023-10-06T10:08:04.965+05:30 DEBUG 17376 --- [http-nio-8080-exec-5] o.s.security.web.FilterChainProxy        : Secured POST /api/auth/register
2023-10-06T10:08:14.544+05:30 DEBUG 17376 --- [http-nio-8080-exec-6] o.s.security.web.FilterChainProxy        : Securing POST /api/auth/login
2023-10-06T10:08:14.545+05:30 DEBUG 17376 --- [http-nio-8080-exec-6] o.s.s.w.a.AnonymousAuthenticationFilter  : Set SecurityContextHolder to anonymous SecurityContext
2023-10-06T10:08:14.548+05:30 DEBUG 17376 --- [http-nio-8080-exec-6] o.s.security.web.FilterChainProxy        : Secured POST /api/auth/login
2023-10-06T10:08:14.867+05:30 DEBUG 17376 --- [http-nio-8080-exec-6] o.s.s.a.dao.DaoAuthenticationProvider    : Authenticated user
2023-10-06T10:09:00.639+05:30 DEBUG 17376 --- [http-nio-8080-exec-7] o.s.security.web.FilterChainProxy        : Securing POST /api/v1/academic/post
2023-10-06T10:09:00.661+05:30 DEBUG 17376 --- [http-nio-8080-exec-7] o.s.security.web.FilterChainProxy        : Secured POST /api/v1/academic/post
2023-10-06T10:09:00.673+05:30 DEBUG 17376 --- [http-nio-8080-exec-7] o.s.security.web.FilterChainProxy        : Securing POST /error
2023-10-06T10:09:00.674+05:30 DEBUG 17376 --- [http-nio-8080-exec-7] o.s.s.w.a.AnonymousAuthenticationFilter  : Set SecurityContextHolder to anonymous SecurityContext
2023-10-06T10:09:00.674+05:30 DEBUG 17376 --- [http-nio-8080-exec-7] o.s.s.w.a.Http403ForbiddenEntryPoint     : Pre-authenticated entry point called. Rejecting access
2023-10-06T10:09:16.037+05:30 DEBUG 17376 --- [http-nio-8080-exec-8] o.s.security.web.FilterChainProxy        : Securing POST /api/academic/post
2023-10-06T10:09:16.061+05:30 DEBUG 17376 --- [http-nio-8080-exec-8] o.s.security.web.FilterChainProxy        : Secured POST /api/academic/post
2023-10-06T10:09:29.161+05:30 DEBUG 17376 --- [http-nio-8080-exec-9] o.s.security.web.FilterChainProxy        : Securing POST /api/academic/post
2023-10-06T10:09:29.163+05:30 DEBUG 17376 --- [http-nio-8080-exec-9] o.s.s.w.a.AnonymousAuthenticationFilter  : Set SecurityContextHolder to anonymous SecurityContext
2023-10-06T10:09:29.165+05:30 DEBUG 17376 --- [http-nio-8080-exec-9] o.s.s.w.a.Http403ForbiddenEntryPoint     : Pre-authenticated entry point called. Rejecting access
2023-10-06T10:09:29.166+05:30 DEBUG 17376 --- [http-nio-8080-exec-9] o.s.security.web.FilterChainProxy        : Securing POST /error
2023-10-06T10:09:29.166+05:30 DEBUG 17376 --- [http-nio-8080-exec-9] o.s.s.w.a.AnonymousAuthenticationFilter  : Set SecurityContextHolder to anonymous SecurityContext
2023-10-06T10:09:29.167+05:30 DEBUG 17376 --- [http-nio-8080-exec-9] o.s.s.w.a.Http403ForbiddenEntryPoint     : Pre-authenticated entry point called. Rejecting access
2023-10-06T10:09:49.008+05:30 DEBUG 17376 --- [http-nio-8080-exec-10] o.s.security.web.FilterChainProxy        : Securing GET /api/academic/all
2023-10-06T10:09:49.032+05:30 DEBUG 17376 --- [http-nio-8080-exec-10] o.s.security.web.FilterChainProxy        : Secured GET /api/academic/all
2023-10-06T10:10:24.512+05:30 DEBUG 17376 --- [http-nio-8080-exec-1] o.s.security.web.FilterChainProxy        : Securing PUT /api/academic/put
2023-10-06T10:10:24.539+05:30 DEBUG 17376 --- [http-nio-8080-exec-1] o.s.security.web.FilterChainProxy        : Secured PUT /api/academic/put
2023-10-06T10:10:35.444+05:30 DEBUG 17376 --- [http-nio-8080-exec-2] o.s.security.web.FilterChainProxy        : Securing GET /api/academic/all
2023-10-06T10:10:35.468+05:30 DEBUG 17376 --- [http-nio-8080-exec-2] o.s.security.web.FilterChainProxy        : Secured GET /api/academic/all
2023-10-06T10:11:10.427+05:30 DEBUG 17376 --- [http-nio-8080-exec-3] o.s.security.web.FilterChainProxy        : Securing DELETE /api/academic/delete/3
2023-10-06T10:11:10.454+05:30 DEBUG 17376 --- [http-nio-8080-exec-3] o.s.security.web.FilterChainProxy        : Secured DELETE /api/academic/delete/3
2023-10-06T10:11:32.206+05:30 DEBUG 17376 --- [http-nio-8080-exec-4] o.s.security.web.FilterChainProxy        : Securing GET /api/academic/all
2023-10-06T10:11:32.237+05:30 DEBUG 17376 --- [http-nio-8080-exec-4] o.s.security.web.FilterChainProxy        : Secured GET /api/academic/all
2023-10-06T10:40:25.144+05:30  WARN 17376 --- [HikariPool-1 housekeeper] com.zaxxer.hikari.pool.HikariPool        : HikariPool-1 - Thread starvation or clock leap detected (housekeeper delta=23m36s972ms516µs300ns).
2023-10-06T10:47:47.060+05:30  INFO 17376 --- [File Watcher] rtingClassPathChangeChangedEventListener : Restarting due to 3 class path changes (0 additions, 0 deletions, 3 modifications)
2023-10-06T10:47:47.245+05:30  INFO 17376 --- [Thread-5] o.apache.catalina.core.StandardService   : Stopping service [Tomcat]
2023-10-06T10:47:47.261+05:30  INFO 17376 --- [Thread-5] o.a.c.c.C.[Tomcat].[localhost].[/]       : Destroying Spring FrameworkServlet 'dispatcherServlet'
2023-10-06T10:47:47.301+05:30  WARN 17376 --- [Thread-5] o.a.c.loader.WebappClassLoaderBase       : The web application [ROOT] appears to have started a thread named [HikariPool-1 housekeeper] but has failed to stop it. This is very likely to create a memory leak. Stack trace of thread:
 java.base@17.0.6/jdk.internal.misc.Unsafe.park(Native Method)
 java.base@17.0.6/java.util.concurrent.locks.LockSupport.parkNanos(LockSupport.java:252)
 java.base@17.0.6/java.util.concurrent.locks.AbstractQueuedSynchronizer$ConditionObject.awaitNanos(AbstractQueuedSynchronizer.java:1672)
 java.base@17.0.6/java.util.concurrent.ScheduledThreadPoolExecutor$DelayedWorkQueue.take(ScheduledThreadPoolExecutor.java:1182)
 java.base@17.0.6/java.util.concurrent.ScheduledThreadPoolExecutor$DelayedWorkQueue.take(ScheduledThreadPoolExecutor.java:899)
 java.base@17.0.6/java.util.concurrent.ThreadPoolExecutor.getTask(ThreadPoolExecutor.java:1062)
 java.base@17.0.6/java.util.concurrent.ThreadPoolExecutor.runWorker(ThreadPoolExecutor.java:1122)
 java.base@17.0.6/java.util.concurrent.ThreadPoolExecutor$Worker.run(ThreadPoolExecutor.java:635)
 java.base@17.0.6/java.lang.Thread.run(Thread.java:833)
2023-10-06T10:47:47.362+05:30  INFO 17376 --- [Thread-5] j.LocalContainerEntityManagerFactoryBean : Closing JPA EntityManagerFactory for persistence unit 'default'
2023-10-06T10:47:47.434+05:30  INFO 17376 --- [Thread-5] com.zaxxer.hikari.HikariDataSource       : HikariPool-1 - Shutdown initiated...
2023-10-06T10:47:47.453+05:30  INFO 17376 --- [Thread-5] com.zaxxer.hikari.HikariDataSource       : HikariPool-1 - Shutdown completed.
2023-10-06T10:47:47.987+05:30  INFO 17376 --- [restartedMain] c.p.main.PgadmissionApplication          : Starting PgadmissionApplication using Java 17.0.6 with PID 17376 (C:\Users\DELL\Documents\workspace-spring-tool-suite-4-4.17.2.RELEASE\pgadmission\target\classes started by DELL in C:\Users\DELL\Documents\workspace-spring-tool-suite-4-4.17.2.RELEASE\pgadmission)
2023-10-06T10:47:47.988+05:30  INFO 17376 --- [restartedMain] c.p.main.PgadmissionApplication          : No active profile set, falling back to 1 default profile: "default"
2023-10-06T10:47:48.618+05:30  INFO 17376 --- [restartedMain] .s.d.r.c.RepositoryConfigurationDelegate : Bootstrapping Spring Data JPA repositories in DEFAULT mode.
2023-10-06T10:47:48.641+05:30  INFO 17376 --- [restartedMain] .s.d.r.c.RepositoryConfigurationDelegate : Finished Spring Data repository scanning in 21 ms. Found 2 JPA repository interfaces.
2023-10-06T10:47:48.912+05:30  INFO 17376 --- [restartedMain] o.s.b.w.embedded.tomcat.TomcatWebServer  : Tomcat initialized with port(s): 8080 (http)
2023-10-06T10:47:48.913+05:30  INFO 17376 --- [restartedMain] o.apache.catalina.core.StandardService   : Starting service [Tomcat]
2023-10-06T10:47:48.913+05:30  INFO 17376 --- [restartedMain] o.apache.catalina.core.StandardEngine    : Starting Servlet engine: [Apache Tomcat/10.1.13]
2023-10-06T10:47:48.946+05:30  INFO 17376 --- [restartedMain] o.a.c.c.C.[Tomcat].[localhost].[/]       : Initializing Spring embedded WebApplicationContext
2023-10-06T10:47:48.946+05:30  INFO 17376 --- [restartedMain] w.s.c.ServletWebServerApplicationContext : Root WebApplicationContext: initialization completed in 950 ms
2023-10-06T10:47:49.046+05:30  INFO 17376 --- [restartedMain] o.hibernate.jpa.internal.util.LogHelper  : HHH000204: Processing PersistenceUnitInfo [name: default]
2023-10-06T10:47:49.082+05:30  INFO 17376 --- [restartedMain] o.h.b.i.BytecodeProviderInitiator        : HHH000021: Bytecode provider name : bytebuddy
2023-10-06T10:47:49.083+05:30  INFO 17376 --- [restartedMain] o.s.o.j.p.SpringPersistenceUnitInfo      : No LoadTimeWeaver setup: ignoring JPA class transformer
2023-10-06T10:47:49.084+05:30  INFO 17376 --- [restartedMain] com.zaxxer.hikari.HikariDataSource       : HikariPool-2 - Starting...
2023-10-06T10:47:49.111+05:30  INFO 17376 --- [restartedMain] com.zaxxer.hikari.pool.HikariPool        : HikariPool-2 - Added connection com.mysql.cj.jdbc.ConnectionImpl@6bc1c52d
2023-10-06T10:47:49.112+05:30  INFO 17376 --- [restartedMain] com.zaxxer.hikari.HikariDataSource       : HikariPool-2 - Start completed.
2023-10-06T10:47:49.113+05:30  WARN 17376 --- [restartedMain] org.hibernate.orm.deprecation            : HHH90000026: MySQL8Dialect has been deprecated; use org.hibernate.dialect.MySQLDialect instead
2023-10-06T10:47:49.150+05:30  INFO 17376 --- [restartedMain] o.h.b.i.BytecodeProviderInitiator        : HHH000021: Bytecode provider name : bytebuddy
2023-10-06T10:47:49.246+05:30  INFO 17376 --- [restartedMain] o.h.e.t.j.p.i.JtaPlatformInitiator       : HHH000490: Using JtaPlatform implementation: [org.hibernate.engine.transaction.jta.platform.internal.NoJtaPlatform]
2023-10-06T10:47:49.343+05:30  INFO 17376 --- [restartedMain] j.LocalContainerEntityManagerFactoryBean : Initialized JPA EntityManagerFactory for persistence unit 'default'
2023-10-06T10:47:49.738+05:30  WARN 17376 --- [restartedMain] JpaBaseConfiguration$JpaWebConfiguration : spring.jpa.open-in-view is enabled by default. Therefore, database queries may be performed during view rendering. Explicitly configure spring.jpa.open-in-view to disable this warning
2023-10-06T10:47:49.983+05:30  INFO 17376 --- [restartedMain] o.s.s.web.DefaultSecurityFilterChain     : Will secure any request with [org.springframework.security.web.session.DisableEncodeUrlFilter@52f0717e, org.springframework.security.web.context.request.async.WebAsyncManagerIntegrationFilter@353433fb, org.springframework.security.web.context.SecurityContextHolderFilter@363bbe43, org.springframework.security.web.header.HeaderWriterFilter@7be10a6e, org.springframework.web.filter.CorsFilter@4943906d, org.springframework.security.web.authentication.logout.LogoutFilter@31312307, com.pgadmission.main.config.JwtAuthenticationFilter@591a872, org.springframework.security.web.savedrequest.RequestCacheAwareFilter@18054a02, org.springframework.security.web.servletapi.SecurityContextHolderAwareRequestFilter@6bc49116, org.springframework.security.web.authentication.AnonymousAuthenticationFilter@482818c, org.springframework.security.web.session.SessionManagementFilter@6c7df9d1, org.springframework.security.web.access.ExceptionTranslationFilter@34835274, org.springframework.security.web.access.intercept.AuthorizationFilter@3e6e7c5d]
2023-10-06T10:47:50.146+05:30  INFO 17376 --- [restartedMain] o.s.b.d.a.OptionalLiveReloadServer       : LiveReload server is running on port 35729
2023-10-06T10:47:50.166+05:30  INFO 17376 --- [restartedMain] o.s.b.w.embedded.tomcat.TomcatWebServer  : Tomcat started on port(s): 8080 (http) with context path ''
2023-10-06T10:47:50.174+05:30  INFO 17376 --- [restartedMain] c.p.main.PgadmissionApplication          : Started PgadmissionApplication in 2.273 seconds (process running for 3849.324)
2023-10-06T10:47:50.177+05:30  INFO 17376 --- [restartedMain] .ConditionEvaluationDeltaLoggingListener : Condition evaluation unchanged
2023-10-06T10:58:07.737+05:30  INFO 17376 --- [RMI TCP Connection(65)-127.0.0.1] inMXBeanRegistrar$SpringApplicationAdmin : Application shutdown requested.
2023-10-06T10:58:07.768+05:30  INFO 17376 --- [RMI TCP Connection(65)-127.0.0.1] o.apache.catalina.core.StandardService   : Stopping service [Tomcat]
2023-10-06T10:58:07.772+05:30  WARN 17376 --- [RMI TCP Connection(65)-127.0.0.1] o.a.c.loader.WebappClassLoaderBase       : The web application [ROOT] appears to have started a thread named [HikariPool-2 housekeeper] but has failed to stop it. This is very likely to create a memory leak. Stack trace of thread:
 java.base@17.0.6/jdk.internal.misc.Unsafe.park(Native Method)
 java.base@17.0.6/java.util.concurrent.locks.LockSupport.parkNanos(LockSupport.java:252)
 java.base@17.0.6/java.util.concurrent.locks.AbstractQueuedSynchronizer$ConditionObject.awaitNanos(AbstractQueuedSynchronizer.java:1672)
 java.base@17.0.6/java.util.concurrent.ScheduledThreadPoolExecutor$DelayedWorkQueue.take(ScheduledThreadPoolExecutor.java:1182)
 java.base@17.0.6/java.util.concurrent.ScheduledThreadPoolExecutor$DelayedWorkQueue.take(ScheduledThreadPoolExecutor.java:899)
 java.base@17.0.6/java.util.concurrent.ThreadPoolExecutor.getTask(ThreadPoolExecutor.java:1062)
 java.base@17.0.6/java.util.concurrent.ThreadPoolExecutor.runWorker(ThreadPoolExecutor.java:1122)
 java.base@17.0.6/java.util.concurrent.ThreadPoolExecutor$Worker.run(ThreadPoolExecutor.java:635)
 java.base@17.0.6/java.lang.Thread.run(Thread.java:833)
2023-10-06T10:58:07.778+05:30  INFO 17376 --- [RMI TCP Connection(65)-127.0.0.1] j.LocalContainerEntityManagerFactoryBean : Closing JPA EntityManagerFactory for persistence unit 'default'
2023-10-06T10:58:07.780+05:30  INFO 17376 --- [RMI TCP Connection(65)-127.0.0.1] com.zaxxer.hikari.HikariDataSource       : HikariPool-2 - Shutdown initiated...
2023-10-06T10:58:07.787+05:30  INFO 17376 --- [RMI TCP Connection(65)-127.0.0.1] com.zaxxer.hikari.HikariDataSource       : HikariPool-2 - Shutdown completed.
